2025-02-22 15:20:13,085 DEBUG Horse: Создание Horse, имя [Bucephalus], скорость [0.0]
2025-02-22 15:20:13,085 DEBUG Horse: Создание Horse, имя [Ace of Spades], скорость [0.0]
2025-02-22 15:20:13,085 DEBUG Horse: Создание Horse, имя [Zephyr], скорость [0.0]
2025-02-22 15:20:13,088 DEBUG Horse: Создание Horse, имя [Blaze], скорость [0.0]
2025-02-22 15:20:13,088 DEBUG Horse: Создание Horse, имя [Lobster], скорость [0.0]
2025-02-22 15:20:13,088 DEBUG Horse: Создание Horse, имя [Pegasus], скорость [0.0]
2025-02-22 15:20:13,088 DEBUG Horse: Создание Horse, имя [Cherry], скорость [0.0]
2025-02-22 15:20:13,088 DEBUG Hippodrome: Создание Hippodrome, лошадей [7]
2025-02-22 15:20:13,088 INFO  Main: Начало скачек. Количество участников: 7
2025-02-22 15:20:15,164 INFO  Main: Окончание скачек. Победитель: Cherry
2025-02-22 15:21:30,391 DEBUG Hippodrome: Создание Hippodrome, лошадей [50]
2025-02-22 15:21:30,516 DEBUG Horse: Создание Horse, имя [1], скорость [1.0]
2025-02-22 15:21:30,516 DEBUG Horse: Создание Horse, имя [2], скорость [2.0]
2025-02-22 15:21:30,516 DEBUG Horse: Создание Horse, имя [3], скорость [3.0]
2025-02-22 15:21:30,516 DEBUG Horse: Создание Horse, имя [4], скорость [4.0]
2025-02-22 15:21:30,516 DEBUG Horse: Создание Horse, имя [5], скорость [5.0]
2025-02-22 15:21:30,516 DEBUG Horse: Создание Horse, имя [6], скорость [6.0]
2025-02-22 15:21:30,516 DEBUG Horse: Создание Horse, имя [7], скорость [7.0]
2025-02-22 15:21:30,516 DEBUG Horse: Создание Horse, имя [8], скорость [8.0]
2025-02-22 15:21:30,516 DEBUG Horse: Создание Horse, имя [9], скорость [9.0]
2025-02-22 15:21:30,516 DEBUG Horse: Создание Horse, имя [10], скорость [10.0]
2025-02-22 15:21:30,516 DEBUG Horse: Создание Horse, имя [11], скорость [11.0]
2025-02-22 15:21:30,516 DEBUG Horse: Создание Horse, имя [12], скорость [12.0]
2025-02-22 15:21:30,516 DEBUG Horse: Создание Horse, имя [13], скорость [13.0]
2025-02-22 15:21:30,516 DEBUG Horse: Создание Horse, имя [14], скорость [14.0]
2025-02-22 15:21:30,516 DEBUG Horse: Создание Horse, имя [15], скорость [15.0]
2025-02-22 15:21:30,516 DEBUG Horse: Создание Horse, имя [16], скорость [16.0]
2025-02-22 15:21:30,516 DEBUG Horse: Создание Horse, имя [17], скорость [17.0]
2025-02-22 15:21:30,516 DEBUG Horse: Создание Horse, имя [18], скорость [18.0]
2025-02-22 15:21:30,516 DEBUG Horse: Создание Horse, имя [19], скорость [19.0]
2025-02-22 15:21:30,516 DEBUG Horse: Создание Horse, имя [20], скорость [20.0]
2025-02-22 15:21:30,516 DEBUG Horse: Создание Horse, имя [21], скорость [21.0]
2025-02-22 15:21:30,516 DEBUG Horse: Создание Horse, имя [22], скорость [22.0]
2025-02-22 15:21:30,516 DEBUG Horse: Создание Horse, имя [23], скорость [23.0]
2025-02-22 15:21:30,516 DEBUG Horse: Создание Horse, имя [24], скорость [24.0]
2025-02-22 15:21:30,516 DEBUG Horse: Создание Horse, имя [25], скорость [25.0]
2025-02-22 15:21:30,516 DEBUG Horse: Создание Horse, имя [26], скорость [26.0]
2025-02-22 15:21:30,516 DEBUG Horse: Создание Horse, имя [27], скорость [27.0]
2025-02-22 15:21:30,516 DEBUG Horse: Создание Horse, имя [28], скорость [28.0]
2025-02-22 15:21:30,516 DEBUG Horse: Создание Horse, имя [29], скорость [29.0]
2025-02-22 15:21:30,516 DEBUG Horse: Создание Horse, имя [30], скорость [30.0]
2025-02-22 15:21:30,516 DEBUG Hippodrome: Создание Hippodrome, лошадей [30]
2025-02-22 15:21:30,533 DEBUG Horse: Создание Horse, имя [first], скорость [1.0]
2025-02-22 15:21:30,533 DEBUG Horse: Создание Horse, имя [second], скорость [1.0]
2025-02-22 15:21:30,533 DEBUG Horse: Создание Horse, имя [third], скорость [1.0]
2025-02-22 15:21:30,534 DEBUG Hippodrome: Создание Hippodrome, лошадей [3]
2025-02-22 15:21:30,534 ERROR Hippodrome: Horses list is null
2025-02-22 15:21:30,534 ERROR Hippodrome: Horses list is empty
2025-02-22 15:21:30,556 DEBUG Horse: Создание Horse, имя [Unicorn], скорость [1.0]
2025-02-22 15:21:30,556 DEBUG Horse: Создание Horse, имя [Unicorn], скорость [1.0]
2025-02-22 15:21:30,649 ERROR Horse: Distance is negative
2025-02-22 15:21:30,671 ERROR Horse: Distance is negative
2025-02-22 15:21:30,671 ERROR Horse: Distance is negative
2025-02-22 15:21:30,671 ERROR Horse: Distance is negative
2025-02-22 15:21:30,671 ERROR Horse: Distance is negative
2025-02-22 15:21:30,687 ERROR Horse: Name is blank
2025-02-22 15:21:30,687 ERROR Horse: Name is blank
2025-02-22 15:21:30,687 ERROR Horse: Name is blank
2025-02-22 15:21:30,687 ERROR Horse: Name is blank
2025-02-22 15:21:30,687 ERROR Horse: Name is blank
2025-02-22 15:21:30,687 ERROR Horse: Speed is negative
2025-02-22 15:21:30,687 ERROR Horse: Speed is negative
2025-02-22 15:21:30,687 ERROR Horse: Speed is negative
2025-02-22 15:21:30,704 ERROR Horse: Speed is negative
2025-02-22 15:21:30,704 ERROR Horse: Speed is negative
2025-02-22 15:21:30,704 DEBUG Horse: Создание Horse, имя [Unicorn], скорость [1.0]
2025-02-22 15:21:30,712 DEBUG Horse: Создание Horse, имя [Unicorn], скорость [20.0]
2025-02-22 15:21:30,712 DEBUG Horse: Создание Horse, имя [Unicorn], скорость [20.0]
2025-02-22 15:21:30,728 DEBUG Horse: Создание Horse, имя [Unicorn], скорость [20.0]
2025-02-22 15:21:30,728 DEBUG Horse: Создание Horse, имя [Unicorn], скорость [20.0]
2025-02-22 15:21:30,728 DEBUG Horse: Создание Horse, имя [Unicorn], скорость [20.0]
2025-02-22 15:21:30,728 DEBUG Horse: Создание Horse, имя [Unicorn], скорость [20.0]
2025-02-22 15:21:30,741 DEBUG Horse: Создание Horse, имя [Unicorn], скорость [20.0]
2025-02-22 15:21:30,741 ERROR Horse: Name is null
2025-02-22 15:21:30,741 DEBUG Horse: Создание Horse, имя [Unicorn], скорость [1.0]
2025-02-22 15:21:30,741 DEBUG Horse: Создание Horse, имя [Unicorn], скорость [1.0]
2025-02-22 15:21:46,902 DEBUG Horse: Создание Horse, имя [Bucephalus], скорость [2.4]
2025-02-22 15:21:46,902 DEBUG Horse: Создание Horse, имя [Ace of Spades], скорость [2.5]
2025-02-22 15:21:46,902 DEBUG Horse: Создание Horse, имя [Zephyr], скорость [2.6]
2025-02-22 15:21:46,902 DEBUG Horse: Создание Horse, имя [Blaze], скорость [2.7]
2025-02-22 15:21:46,902 DEBUG Horse: Создание Horse, имя [Lobster], скорость [2.8]
2025-02-22 15:21:46,902 DEBUG Horse: Создание Horse, имя [Pegasus], скорость [2.9]
2025-02-22 15:21:46,902 DEBUG Horse: Создание Horse, имя [Cherry], скорость [3.0]
2025-02-22 15:21:46,902 DEBUG Hippodrome: Создание Hippodrome, лошадей [7]
2025-02-22 15:21:46,902 INFO  Main: Начало скачек. Количество участников: 7
2025-02-22 15:21:48,991 INFO  Main: Окончание скачек. Победитель: Cherry
2025-02-22 15:37:46,582 DEBUG Horse: Создание Horse, имя [Bucephalus], скорость [2.4]
2025-02-22 15:37:46,582 DEBUG Horse: Создание Horse, имя [Ace of Spades], скорость [2.5]
2025-02-22 15:37:46,582 DEBUG Horse: Создание Horse, имя [Zephyr], скорость [2.6]
2025-02-22 15:37:46,582 DEBUG Horse: Создание Horse, имя [Blaze], скорость [2.7]
2025-02-22 15:37:46,582 DEBUG Horse: Создание Horse, имя [Lobster], скорость [2.8]
2025-02-22 15:37:46,582 DEBUG Horse: Создание Horse, имя [Pegasus], скорость [2.9]
2025-02-22 15:37:46,582 DEBUG Horse: Создание Horse, имя [Cherry], скорость [3.0]
2025-02-22 15:37:46,582 DEBUG Hippodrome: Создание Hippodrome, лошадей [7]
2025-02-22 15:37:46,582 INFO  Main: Начало скачек. Количество участников: 7
2025-02-22 15:37:48,681 INFO  Main: Окончание скачек. Победитель: Cherry
2025-02-22 15:40:13,779 DEBUG Horse: Создание Horse, имя [Bucephalus], скорость [2.4]
2025-02-22 15:40:13,779 DEBUG Horse: Создание Horse, имя [Ace of Spades], скорость [2.5]
2025-02-22 15:40:13,779 DEBUG Horse: Создание Horse, имя [Zephyr], скорость [2.6]
2025-02-22 15:40:13,779 DEBUG Horse: Создание Horse, имя [Blaze], скорость [2.7]
2025-02-22 15:40:13,779 DEBUG Horse: Создание Horse, имя [Lobster], скорость [2.8]
2025-02-22 15:40:13,779 DEBUG Horse: Создание Horse, имя [Pegasus], скорость [2.9]
2025-02-22 15:40:13,779 ERROR Horse: Name is blank
2025-02-22 15:41:07,301 DEBUG Horse: Создание Horse, имя [Bucephalus], скорость [2.4]
2025-02-22 15:41:07,301 DEBUG Horse: Создание Horse, имя [Ace of Spades], скорость [2.5]
2025-02-22 15:41:07,301 DEBUG Horse: Создание Horse, имя [Zephyr], скорость [2.6]
2025-02-22 15:41:07,301 DEBUG Horse: Создание Horse, имя [Blaze], скорость [2.7]
2025-02-22 15:41:07,301 DEBUG Horse: Создание Horse, имя [Lobster], скорость [2.8]
2025-02-22 15:41:07,301 DEBUG Horse: Создание Horse, имя [Pegasus], скорость [2.9]
2025-02-22 15:41:07,301 DEBUG Horse: Создание Horse, имя [Cherry], скорость [3.0]
2025-02-22 15:41:07,301 DEBUG Hippodrome: Создание Hippodrome, лошадей [7]
2025-02-22 15:41:07,301 INFO  Main: Начало скачек. Количество участников: 7
2025-02-22 15:41:09,374 INFO  Main: Окончание скачек. Победитель: Pegasus
